#
# There is insufficient memory for the Java Runtime Environment to continue.
# Native memory allocation (malloc) failed to allocate 433680 bytes for Chunk::new
# Possible reasons:
#   The system is out of physical RAM or swap space
#   In 32 bit mode, the process size limit was hit
# Possible solutions:
#   Reduce memory load on the system
#   Increase physical memory or swap space
#   Check if swap backing store is full
#   Use 64 bit Java on a 64 bit OS
#   Decrease Java heap size (-Xmx/-Xms)
#   Decrease number of Java threads
#   Decrease Java thread stack sizes (-Xss)
#   Set larger code cache with -XX:ReservedCodeCacheSize=
# This output file may be truncated or incomplete.
#
#  Out of Memory Error (allocation.cpp:390), pid=4912, tid=0x0000000000001d40
#
# JRE version: OpenJDK Runtime Environment (8.0_76-b03) (build 1.8.0_76-release-b03)
# Java VM: OpenJDK 64-Bit Server VM (25.76-b03 mixed mode windows-amd64 compressed oops)
# Failed to write core dump. Minidumps are not enabled by default on client versions of Windows
#

---------------  T H R E A D  ---------------

Current thread (0x0000000016aba800):  JavaThread "C2 CompilerThread1" daemon [_thread_in_native, id=7488, stack(0x00000000181f0000,0x00000000182f0000)]

Stack: [0x00000000181f0000,0x00000000182f0000]
[error occurred during error reporting (printing stack bounds), id 0xc0000005]

Native frames: (J=compiled Java code, j=interpreted, Vv=VM code, C=native code)


Current CompileTask:
C2:  47373 5861   !   4       java.net.URLClassLoader$1::run (63 bytes)


---------------  P R O C E S S  ---------------

Java Threads: ( => current thread )
  0x000000001d6d2000 JavaThread "pool-2-thread-1" [_thread_blocked, id=8560, stack(0x000000001eea0000,0x000000001efa0000)]
  0x000000001a041800 JavaThread "File lock request listener" [_thread_in_native, id=5792, stack(0x000000001db20000,0x000000001dc20000)]
  0x0000000019851000 JavaThread "Stdin handler" [_thread_blocked, id=9940, stack(0x000000001b280000,0x000000001b380000)]
  0x0000000019850000 JavaThread "Asynchronous log dispatcher for org.gradle.launcher.daemon.server.DefaultDaemonConnection@2aafb2fa" [_thread_blocked, id=2784, stack(0x000000001b180000,0x000000001b280000)]
  0x0000000019846800 JavaThread "Daemon worker" [_thread_in_vm, id=4512, stack(0x000000001b080000,0x000000001b180000)]
  0x000000001985d000 JavaThread "Cancel handler" [_thread_blocked, id=6256, stack(0x000000001af80000,0x000000001b080000)]
  0x000000001982d000 JavaThread "Handler for socket connection from /127.0.0.1:63841 to /127.0.0.1:63842" [_thread_in_native, id=9328, stack(0x000000001ae80000,0x000000001af80000)]
  0x000000001982c000 JavaThread "Daemon" [_thread_blocked, id=4716, stack(0x000000001ad80000,0x000000001ae80000)]
  0x0000000019918000 JavaThread "pool-1-thread-1" [_thread_blocked, id=3872, stack(0x000000001ac80000,0x000000001ad80000)]
  0x000000001979c800 JavaThread "Incoming local TCP Connector on port 63841" [_thread_in_native, id=10128, stack(0x00000000191f0000,0x00000000192f0000)]
  0x0000000016b04800 JavaThread "Service Thread" daemon [_thread_blocked, id=5252, stack(0x00000000187f0000,0x00000000188f0000)]
  0x0000000016abe000 JavaThread "C1 CompilerThread2" daemon [_thread_blocked, id=10172, stack(0x00000000182f0000,0x00000000183f0000)]
=>0x0000000016aba800 JavaThread "C2 CompilerThread1" daemon [_thread_in_native, id=7488, stack(0x00000000181f0000,0x00000000182f0000)]
  0x0000000016aad000 JavaThread "C2 CompilerThread0" daemon [_thread_in_native, id=4788, stack(0x00000000180f0000,0x00000000181f0000)]
  0x0000000016aac000 JavaThread "Attach Listener" daemon [_thread_blocked, id=5516, stack(0x0000000017ff0000,0x00000000180f0000)]
  0x0000000016aaa800 JavaThread "Signal Dispatcher" daemon [_thread_blocked, id=6188, stack(0x0000000017ef0000,0x0000000017ff0000)]
  0x0000000016a98800 JavaThread "Finalizer" daemon [_thread_blocked, id=2384, stack(0x0000000017d00000,0x0000000017e00000)]
  0x0000000003132000 JavaThread "Reference Handler" daemon [_thread_blocked, id=6184, stack(0x0000000017c00000,0x0000000017d00000)]
  0x0000000003040800 JavaThread "main" [_thread_blocked, id=240, stack(0x0000000002eb0000,0x0000000002fb0000)]

Other Threads:
  0x0000000016a75800 VMThread [stack: 0x0000000017b00000,0x0000000017c00000] [id=5728]
  0x0000000016b07000 WatcherThread [stack: 0x00000000188f0000,0x00000000189f0000] [id=4400]

VM state:not at safepoint (normal execution)

VM Mutex/Monitor currently owned by a thread: None

Heap:
 PSYoungGen      total 164864K, used 12981K [0x00000000e0000000, 0x00000000eae80000, 0x0000000100000000)
  eden space 158208K, 4% used [0x00000000e0000000,0x00000000e062f1f0,0x00000000e9a80000)
  from space 6656K, 99% used [0x00000000ea800000,0x00000000eae7e5c8,0x00000000eae80000)
  to   space 10240K, 0% used [0x00000000e9a80000,0x00000000e9a80000,0x00000000ea480000)
 ParOldGen       total 43520K, used 21563K [0x00000000a0000000, 0x00000000a2a80000, 0x00000000e0000000)
  object space 43520K, 49% used [0x00000000a0000000,0x00000000a150efc0,0x00000000a2a80000)
 Metaspace       used 43268K, capacity 44100K, committed 44464K, reserved 1087488K
  class space    used 5702K, capacity 5948K, committed 6064K, reserved 1048576K

Card table byte_map: [0x0000000012500000,0x0000000012810000] byte_map_base: 0x0000000012000000

Marking Bits: (ParMarkBitMap*) 0x00000000516f9d00
 Begin Bits: [0x0000000012e10000, 0x0000000014610000)
 End Bits:   [0x0000000014610000, 0x0000000015e10000)

Polling page: 0x00000000014c0000

CodeCache: size=245760Kb used=18595Kb max_used=18965Kb free=227164Kb
 bounds [0x0000000003140000, 0x00000000043e0000, 0x0000000012140000]
 total_blobs=5947 nmethods=5253 adapters=606
 compilation: enabled

Compilation events (10 events):
Event: 47.277 Thread 0x0000000016abe000 5916       1       org.gradle.api.internal.artifacts.ivyservice.resolveengine.result.ComponentIdentifierSerializer$Implementation::getId (5 bytes)
Event: 47.277 Thread 0x0000000016abe000 nmethod 5916 0x0000000003c987d0 code [0x0000000003c98920, 0x0000000003c98a30]
Event: 47.278 Thread 0x0000000016abe000 5933       1       com.android.builder.dependency.MavenCoordinatesImpl::getVersionLessId (5 bytes)
Event: 47.278 Thread 0x0000000016abe000 nmethod 5933 0x0000000003d2a850 code [0x0000000003d2a9a0, 0x0000000003d2aab0]
Event: 47.287 Thread 0x0000000016abe000 5935       1       com.android.builder.dependency.AbstractBundleDependency::getResolvedCoordinates (5 bytes)
Event: 47.287 Thread 0x0000000016abe000 nmethod 5935 0x0000000003511050 code [0x00000000035111a0, 0x00000000035112b0]
Event: 47.288 Thread 0x0000000016abe000 5934       1       com.android.builder.dependency.AbstractBundleDependency::getProject (5 bytes)
Event: 47.288 Thread 0x0000000016abe000 nmethod 5934 0x0000000003755990 code [0x0000000003755ae0, 0x0000000003755bf0]
Event: 47.289 Thread 0x0000000016abe000 5936       1       com.android.builder.dependency.AbstractBundleDependency::getLibraryDependencies (5 bytes)
Event: 47.289 Thread 0x0000000016abe000 nmethod 5936 0x00000000037561d0 code [0x0000000003756320, 0x0000000003756430]

GC Heap History (10 events):
Event: 20.763 GC heap before
{Heap before GC invocations=14 (full 2):
 PSYoungGen      total 121856K, used 1679K [0x00000000e0000000, 0x00000000e8900000, 0x0000000100000000)
  eden space 112640K, 0% used [0x00000000e0000000,0x00000000e0000000,0x00000000e6e00000)
  from space 9216K, 18% used [0x00000000e7700000,0x00000000e78a3cc0,0x00000000e8000000)
  to   space 9216K, 0% used [0x00000000e6e00000,0x00000000e6e00000,0x00000000e7700000)
 ParOldGen       total 31744K, used 14985K [0x00000000a0000000, 0x00000000a1f00000, 0x00000000e0000000)
  object space 31744K, 47% used [0x00000000a0000000,0x00000000a0ea27d0,0x00000000a1f00000)
 Metaspace       used 34669K, capacity 35210K, committed 35496K, reserved 1079296K
  class space    used 4646K, capacity 4818K, committed 4912K, reserved 1048576K
Event: 20.856 GC heap after
Heap after GC invocations=14 (full 2):
 PSYoungGen      total 121856K, used 0K [0x00000000e0000000, 0x00000000e8900000, 0x0000000100000000)
  eden space 112640K, 0% used [0x00000000e0000000,0x00000000e0000000,0x00000000e6e00000)
  from space 9216K, 0% used [0x00000000e7700000,0x00000000e7700000,0x00000000e8000000)
  to   space 9216K, 0% used [0x00000000e6e00000,0x00000000e6e00000,0x00000000e7700000)
 ParOldGen       total 43520K, used 14938K [0x00000000a0000000, 0x00000000a2a80000, 0x00000000e0000000)
  object space 43520K, 34% used [0x00000000a0000000,0x00000000a0e96bc0,0x00000000a2a80000)
 Metaspace       used 34669K, capacity 35210K, committed 35496K, reserved 1079296K
  class space    used 4646K, capacity 4818K, committed 4912K, reserved 1048576K
}
Event: 31.860 GC heap before
{Heap before GC invocations=15 (full 2):
 PSYoungGen      total 121856K, used 112640K [0x00000000e0000000, 0x00000000e8900000, 0x0000000100000000)
  eden space 112640K, 100% used [0x00000000e0000000,0x00000000e6e00000,0x00000000e6e00000)
  from space 9216K, 0% used [0x00000000e7700000,0x00000000e7700000,0x00000000e8000000)
  to   space 9216K, 0% used [0x00000000e6e00000,0x00000000e6e00000,0x00000000e7700000)
 ParOldGen       total 43520K, used 14938K [0x00000000a0000000, 0x00000000a2a80000, 0x00000000e0000000)
  object space 43520K, 34% used [0x00000000a0000000,0x00000000a0e96bc0,0x00000000a2a80000)
 Metaspace       used 41402K, capacity 42216K, committed 42672K, reserved 1085440K
  class space    used 5518K, capacity 5734K, committed 5808K, reserved 1048576K
Event: 31.870 GC heap after
Heap after GC invocations=15 (full 2):
 PSYoungGen      total 121856K, used 8959K [0x00000000e0000000, 0x00000000eb280000, 0x0000000100000000)
  eden space 112640K, 0% used [0x00000000e0000000,0x00000000e0000000,0x00000000e6e00000)
  from space 9216K, 97% used [0x00000000e6e00000,0x00000000e76bfda8,0x00000000e7700000)
  to   space 10752K, 0% used [0x00000000ea800000,0x00000000ea800000,0x00000000eb280000)
 ParOldGen       total 43520K, used 15010K [0x00000000a0000000, 0x00000000a2a80000, 0x00000000e0000000)
  object space 43520K, 34% used [0x00000000a0000000,0x00000000a0ea8bd0,0x00000000a2a80000)
 Metaspace       used 41402K, capacity 42216K, committed 42672K, reserved 1085440K
  class space    used 5518K, capacity 5734K, committed 5808K, reserved 1048576K
}
Event: 35.663 GC heap before
{Heap before GC invocations=16 (full 2):
 PSYoungGen      total 121856K, used 121599K [0x00000000e0000000, 0x00000000eb280000, 0x0000000100000000)
  eden space 112640K, 100% used [0x00000000e0000000,0x00000000e6e00000,0x00000000e6e00000)
  from space 9216K, 97% used [0x00000000e6e00000,0x00000000e76bfda8,0x00000000e7700000)
  to   space 10752K, 0% used [0x00000000ea800000,0x00000000ea800000,0x00000000eb280000)
 ParOldGen       total 43520K, used 15010K [0x00000000a0000000, 0x00000000a2a80000, 0x00000000e0000000)
  object space 43520K, 34% used [0x00000000a0000000,0x00000000a0ea8bd0,0x00000000a2a80000)
 Metaspace       used 41595K, capacity 42386K, committed 42672K, reserved 1085440K
  class space    used 5523K, capacity 5741K, committed 5808K, reserved 1048576K
Event: 35.677 GC heap after
Heap after GC invocations=16 (full 2):
 PSYoungGen      total 164864K, used 4859K [0x00000000e0000000, 0x00000000eae80000, 0x0000000100000000)
  eden space 158208K, 0% used [0x00000000e0000000,0x00000000e0000000,0x00000000e9a80000)
  from space 6656K, 73% used [0x00000000ea800000,0x00000000eacbec30,0x00000000eae80000)
  to   space 10240K, 0% used [0x00000000e9a80000,0x00000000e9a80000,0x00000000ea480000)
 ParOldGen       total 43520K, used 20229K [0x00000000a0000000, 0x00000000a2a80000, 0x00000000e0000000)
  object space 43520K, 46% used [0x00000000a0000000,0x00000000a13c14a8,0x00000000a2a80000)
 Metaspace       used 41595K, capacity 42386K, committed 42672K, reserved 1085440K
  class space    used 5523K, capacity 5741K, committed 5808K, reserved 1048576K
}
Event: 38.031 GC heap before
{Heap before GC invocations=17 (full 2):
 PSYoungGen      total 164864K, used 163067K [0x00000000e0000000, 0x00000000eae80000, 0x0000000100000000)
  eden space 158208K, 100% used [0x00000000e0000000,0x00000000e9a80000,0x00000000e9a80000)
  from space 6656K, 73% used [0x00000000ea800000,0x00000000eacbec30,0x00000000eae80000)
  to   space 10240K, 0% used [0x00000000e9a80000,0x00000000e9a80000,0x00000000ea480000)
 ParOldGen       total 43520K, used 20229K [0x00000000a0000000, 0x00000000a2a80000, 0x00000000e0000000)
  object space 43520K, 46% used [0x00000000a0000000,0x00000000a13c14a8,0x00000000a2a80000)
 Metaspace       used 41868K, capacity 42722K, committed 42928K, reserved 1087488K
  class space    used 5532K, capacity 5743K, committed 5808K, reserved 1048576K
Event: 38.037 GC heap after
Heap after GC invocations=17 (full 2):
 PSYoungGen      total 168448K, used 7107K [0x00000000e0000000, 0x00000000eae80000, 0x0000000100000000)
  eden space 158208K, 0% used [0x00000000e0000000,0x00000000e0000000,0x00000000e9a80000)
  from space 10240K, 69% used [0x00000000e9a80000,0x00000000ea170de0,0x00000000ea480000)
  to   space 6656K, 0% used [0x00000000ea800000,0x00000000ea800000,0x00000000eae80000)
 ParOldGen       total 43520K, used 20472K [0x00000000a0000000, 0x00000000a2a80000, 0x00000000e0000000)
  object space 43520K, 47% used [0x00000000a0000000,0x00000000a13fe0d8,0x00000000a2a80000)
 Metaspace       used 41868K, capacity 42722K, committed 42928K, reserved 1087488K
  class space    used 5532K, capacity 5743K, committed 5808K, reserved 1048576K
}
Event: 47.278 GC heap before
{Heap before GC invocations=18 (full 2):
 PSYoungGen      total 168448K, used 165315K [0x00000000e0000000, 0x00000000eae80000, 0x0000000100000000)
  eden space 158208K, 100% used [0x00000000e0000000,0x00000000e9a80000,0x00000000e9a80000)
  from space 10240K, 69% used [0x00000000e9a80000,0x00000000ea170de0,0x00000000ea480000)
  to   space 6656K, 0% used [0x00000000ea800000,0x00000000ea800000,0x00000000eae80000)
 ParOldGen       total 43520K, used 20472K [0x00000000a0000000, 0x00000000a2a80000, 0x00000000e0000000)
  object space 43520K, 47% used [0x00000000a0000000,0x00000000a13fe0d8,0x00000000a2a80000)
 Metaspace       used 43192K, capacity 44068K, committed 44336K, reserved 1087488K
  class space    used 5695K, capacity 5916K, committed 5936K, reserved 1048576K
Event: 47.286 GC heap after
Heap after GC invocations=18 (full 2):
 PSYoungGen      total 164864K, used 6649K [0x00000000e0000000, 0x00000000eae80000, 0x0000000100000000)
  eden space 158208K, 0% used [0x00000000e0000000,0x00000000e0000000,0x00000000e9a80000)
  from space 6656K, 99% used [0x00000000ea800000,0x00000000eae7e5c8,0x00000000eae80000)
  to   space 10240K, 0% used [0x00000000e9a80000,0x00000000e9a80000,0x00000000ea480000)
 ParOldGen       total 43520K, used 21563K [0x00000000a0000000, 0x00000000a2a80000, 0x00000000e0000000)
  object space 43520K, 49% used [0x00000000a0000000,0x00000000a150efc0,0x00000000a2a80000)
 Metaspace       used 43192K, capacity 44068K, committed 44336K, reserved 1087488K
  class space    used 5695K, capacity 5916K, committed 5936K, reserved 1048576K
}

Deoptimization events (10 events):
Event: 34.698 Thread 0x0000000019846800 Uncommon trap: reason=unstable_if action=reinterpret pc=0x0000000003fc1ab8 method=com.sun.org.apache.xerces.internal.impl.io.UTF8Reader.read([CII)I @ 131
Event: 34.699 Thread 0x0000000019846800 Uncommon trap: reason=unstable_if action=reinterpret pc=0x0000000003f81c0c method=java.util.regex.Pattern$Ctype.isSatisfiedBy(I)Z @ 4
Event: 34.700 Thread 0x0000000019846800 Uncommon trap: reason=unstable_if action=reinterpret pc=0x0000000003fb4c20 method=java.util.regex.Matcher.find()Z @ 34
Event: 34.701 Thread 0x0000000019846800 Uncommon trap: reason=unstable_if action=reinterpret pc=0x00000000041cbbcc method=java.util.regex.Pattern$Neg.match(Ljava/util/regex/Matcher;ILjava/lang/CharSequence;)Z @ 29
Event: 35.392 Thread 0x0000000019846800 Uncommon trap: reason=unstable_if action=reinterpret pc=0x0000000003f9cef8 method=java.util.regex.Pattern$BitClass.isSatisfiedBy(I)Z @ 4
Event: 41.357 Thread 0x0000000019846800 Uncommon trap: reason=class_check action=maybe_recompile pc=0x00000000042f48e0 method=java.util.AbstractMap.equals(Ljava/lang/Object;)Z @ 8
Event: 46.498 Thread 0x0000000019846800 Uncommon trap: reason=class_check action=maybe_recompile pc=0x00000000042f48e0 method=java.util.AbstractMap.equals(Ljava/lang/Object;)Z @ 8
Event: 46.498 Thread 0x0000000019846800 Uncommon trap: reason=class_check action=maybe_recompile pc=0x00000000042f48e0 method=java.util.AbstractMap.equals(Ljava/lang/Object;)Z @ 8
Event: 46.562 Thread 0x0000000019846800 Uncommon trap: reason=class_check action=maybe_recompile pc=0x00000000042f48e0 method=java.util.AbstractMap.equals(Ljava/lang/Object;)Z @ 8
Event: 47.188 Thread 0x0000000019846800 Uncommon trap: reason=predicate action=maybe_recompile pc=0x00000000043b7578 method=java.util.AbstractCollection.toArray([Ljava/lang/Object;)[Ljava/lang/Object; @ 49

Internal exceptions (10 events):
Event: 45.885 Thread 0x0000000019846800 Exception <a 'sun/nio/fs/WindowsException'> (0x00000000e8bea9b8) thrown at [C:\src\android\AOSP-openjdk\external\jetbrains\jdk\hotspot\src\share\vm\prims\jni.cpp, line 709]
Event: 45.912 Thread 0x0000000019846800 Exception <a 'sun/nio/fs/WindowsException'> (0x00000000e8bed338) thrown at [C:\src\android\AOSP-openjdk\external\jetbrains\jdk\hotspot\src\share\vm\prims\jni.cpp, line 709]
Event: 45.932 Thread 0x0000000019846800 Exception <a 'sun/nio/fs/WindowsException'> (0x00000000e8befc80) thrown at [C:\src\android\AOSP-openjdk\external\jetbrains\jdk\hotspot\src\share\vm\prims\jni.cpp, line 709]
Event: 45.952 Thread 0x0000000019846800 Exception <a 'sun/nio/fs/WindowsException'> (0x00000000e8bf25c8) thrown at [C:\src\android\AOSP-openjdk\external\jetbrains\jdk\hotspot\src\share\vm\prims\jni.cpp, line 709]
Event: 45.978 Thread 0x0000000019846800 Exception <a 'sun/nio/fs/WindowsException'> (0x00000000e8bf4eb0) thrown at [C:\src\android\AOSP-openjdk\external\jetbrains\jdk\hotspot\src\share\vm\prims\jni.cpp, line 709]
Event: 45.979 Thread 0x0000000019846800 Exception <a 'sun/nio/fs/WindowsException'> (0x00000000e8bf77f8) thrown at [C:\src\android\AOSP-openjdk\external\jetbrains\jdk\hotspot\src\share\vm\prims\jni.cpp, line 709]
Event: 45.990 Thread 0x0000000019846800 Exception <a 'sun/nio/fs/WindowsException'> (0x00000000e8bfa140) thrown at [C:\src\android\AOSP-openjdk\external\jetbrains\jdk\hotspot\src\share\vm\prims\jni.cpp, line 709]
Event: 46.009 Thread 0x0000000019846800 Exception <a 'sun/nio/fs/WindowsException'> (0x00000000e8bfca88) thrown at [C:\src\android\AOSP-openjdk\external\jetbrains\jdk\hotspot\src\share\vm\prims\jni.cpp, line 709]
Event: 46.026 Thread 0x0000000019846800 Exception <a 'sun/nio/fs/WindowsException'> (0x00000000e8bff3d0) thrown at [C:\src\android\AOSP-openjdk\external\jetbrains\jdk\hotspot\src\share\vm\prims\jni.cpp, line 709]
Event: 46.044 Thread 0x0000000019846800 Exception <a 'sun/nio/fs/WindowsException'> (0x00000000e8c01ce0) thrown at [C:\src\android\AOSP-openjdk\external\jetbrains\jdk\hotspot\src\share\vm\prims\jni.cpp, line 709]

Events (10 events):
Event: 47.288 Executing VM operation: RevokeBias
Event: 47.288 Executing VM operation: RevokeBias done
Event: 47.289 loading class org/gradle/api/internal/artifacts/configurations/TasksFromDependentProjects$TaskDependencyChecker
Event: 47.289 loading class org/gradle/api/internal/artifacts/configurations/TasksFromDependentProjects$TaskDependencyChecker done
Event: 47.290 loading class com/google/common/collect/AbstractMapBasedMultimap$AsMap$AsMapEntries
Event: 47.290 loading class com/google/common/collect/AbstractMapBasedMultimap$AsMap$AsMapEntries done
Event: 47.290 loading class com/google/common/collect/AbstractMapBasedMultimap$AsMap$AsMapIterator
Event: 47.291 loading class com/google/common/collect/AbstractMapBasedMultimap$AsMap$AsMapIterator done
Event: 47.292 loading class org/apache/commons/lang/text/StrBuilder
Event: 47.292 loading class org/apache/commons/lang/text/StrBuilder done


Dynamic libraries:
0x00007ff69fc90000 - 0x00007ff69fcc1000 	C:\Program Files\Android\Android Studio\jre\bin\java.exe
0x00007ffcd6850000 - 0x00007ffcd6a21000 	C:\WINDOWS\SYSTEM32\ntdll.dll
0x00007ffcd5c40000 - 0x00007ffcd5ceb000 	C:\WINDOWS\System32\KERNEL32.DLL
0x00007ffcb9780000 - 0x00007ffcb97b3000 	C:\Program Files\AVAST Software\Avast\x64\aswhooka.dll
0x00007ffcd33f0000 - 0x00007ffcd360d000 	C:\WINDOWS\System32\KERNELBASE.dll
0x00007ffcd6530000 - 0x00007ffcd65d2000 	C:\WINDOWS\System32\ADVAPI32.dll
0x00007ffcd5e50000 - 0x00007ffcd5eee000 	C:\WINDOWS\System32\msvcrt.dll
0x00007ffcd61c0000 - 0x00007ffcd6219000 	C:\WINDOWS\System32\sechost.dll
0x00007ffcd3de0000 - 0x00007ffcd3f01000 	C:\WINDOWS\System32\RPCRT4.dll
0x00007ffcd59e0000 - 0x00007ffcd5b45000 	C:\WINDOWS\System32\USER32.dll
0x00007ffcd3240000 - 0x00007ffcd325e000 	C:\WINDOWS\System32\win32u.dll
0x00007ffcd59a0000 - 0x00007ffcd59d4000 	C:\WINDOWS\System32\GDI32.dll
0x00007ffcd3260000 - 0x00007ffcd33e2000 	C:\WINDOWS\System32\gdi32full.dll
0x00007ffcc9080000 - 0x00007ffcc92f9000 	C:\WINDOWS\WinSxS\amd64_microsoft.windows.common-controls_6595b64144ccf1df_6.0.14393.447_none_42191651c6827bb3\COMCTL32.dll
0x00007ffcd5ef0000 - 0x00007ffcd61b8000 	C:\WINDOWS\System32\combase.dll
0x00007ffcd2ec0000 - 0x00007ffcd2fb5000 	C:\WINDOWS\System32\ucrtbase.dll
0x00007ffcd2e50000 - 0x00007ffcd2eba000 	C:\WINDOWS\System32\bcryptPrimitives.dll
0x00007ffcd5c10000 - 0x00007ffcd5c3e000 	C:\WINDOWS\System32\IMM32.DLL
0x0000000050e60000 - 0x0000000050f32000 	C:\Program Files\Android\Android Studio\jre\jre\bin\msvcr100.dll
0x0000000050f40000 - 0x0000000051774000 	C:\Program Files\Android\Android Studio\jre\jre\bin\server\jvm.dll
0x00007ffcd5420000 - 0x00007ffcd5428000 	C:\WINDOWS\System32\PSAPI.DLL
0x00007ffcc3c50000 - 0x00007ffcc3c59000 	C:\WINDOWS\SYSTEM32\WSOCK32.dll
0x00007ffcd67e0000 - 0x00007ffcd684a000 	C:\WINDOWS\System32\WS2_32.dll
0x00007ffcd0430000 - 0x00007ffcd0453000 	C:\WINDOWS\SYSTEM32\WINMM.dll
0x00007ffcc6150000 - 0x00007ffcc615a000 	C:\WINDOWS\SYSTEM32\VERSION.dll
0x00007ffcd03d0000 - 0x00007ffcd03fb000 	C:\WINDOWS\SYSTEM32\WINMMBASE.dll
0x00007ffcd3610000 - 0x00007ffcd3652000 	C:\WINDOWS\System32\cfgmgr32.dll
0x00007ffccee60000 - 0x00007ffccee6f000 	C:\Program Files\Android\Android Studio\jre\jre\bin\verify.dll
0x00007ffcb92d0000 - 0x00007ffcb92f9000 	C:\Program Files\Android\Android Studio\jre\jre\bin\java.dll
0x00007ffcc17b0000 - 0x00007ffcc17c6000 	C:\Program Files\Android\Android Studio\jre\jre\bin\zip.dll
0x00007ffcd3f10000 - 0x00007ffcd5419000 	C:\WINDOWS\System32\SHELL32.dll
0x00007ffcd3660000 - 0x00007ffcd3d3a000 	C:\WINDOWS\System32\windows.storage.dll
0x00007ffcd2cf0000 - 0x00007ffcd2d3c000 	C:\WINDOWS\System32\powrprof.dll
0x00007ffcd6780000 - 0x00007ffcd67d2000 	C:\WINDOWS\System32\shlwapi.dll
0x00007ffcd2ce0000 - 0x00007ffcd2cef000 	C:\WINDOWS\System32\kernel.appcore.dll
0x00007ffcd2fc0000 - 0x00007ffcd3069000 	C:\WINDOWS\System32\shcore.dll
0x00007ffcd2cc0000 - 0x00007ffcd2cd4000 	C:\WINDOWS\System32\profapi.dll
0x00007ffcc1790000 - 0x00007ffcc17aa000 	C:\Program Files\Android\Android Studio\jre\jre\bin\net.dll
0x00007ffcd2580000 - 0x00007ffcd25dc000 	C:\WINDOWS\system32\mswsock.dll
0x00007ffcc1770000 - 0x00007ffcc1781000 	C:\Program Files\Android\Android Studio\jre\jre\bin\nio.dll
0x00007ffcc9560000 - 0x00007ffcc9572000 	C:\Users\vini\.gradle\native\19\windows-amd64\native-platform.dll
0x00007ffcd2720000 - 0x00007ffcd2737000 	C:\WINDOWS\SYSTEM32\CRYPTSP.dll
0x00007ffcd2190000 - 0x00007ffcd21c3000 	C:\WINDOWS\system32\rsaenh.dll
0x00007ffcd2bf0000 - 0x00007ffcd2c1b000 	C:\WINDOWS\SYSTEM32\bcrypt.dll
0x00007ffcd2400000 - 0x00007ffcd241f000 	C:\WINDOWS\SYSTEM32\USERENV.dll
0x00007ffcd2740000 - 0x00007ffcd274b000 	C:\WINDOWS\SYSTEM32\CRYPTBASE.dll
0x00007ffcd2310000 - 0x00007ffcd2348000 	C:\WINDOWS\SYSTEM32\IPHLPAPI.DLL
0x00007ffcd5490000 - 0x00007ffcd5498000 	C:\WINDOWS\System32\NSI.dll
0x00007ffcce900000 - 0x00007ffcce916000 	C:\WINDOWS\SYSTEM32\dhcpcsvc6.DLL
0x00007ffcce940000 - 0x00007ffcce95a000 	C:\WINDOWS\SYSTEM32\dhcpcsvc.DLL
0x00007ffcc6860000 - 0x00007ffcc686d000 	C:\Program Files\Android\Android Studio\jre\jre\bin\management.dll

VM Arguments:
jvm_args: -Xmx1536m -Dfile.encoding=windows-1252 -Duser.country=IN -Duser.language=en -Duser.variant 
java_command: org.gradle.launcher.daemon.bootstrap.GradleDaemon 2.14.1
java_class_path (initial): C:\Program Files\Android\Android Studio\gradle\gradle-2.14.1\lib\gradle-launcher-2.14.1.jar
Launcher Type: SUN_STANDARD

Environment Variables:
JAVA_HOME=C:\Users\vini\Desktop\java\Java Tools
PATH=C:\Program Files\Dell\DW WLAN Card\Driver;;C:\Program Files (x86)\Intel\iCLS Client\;C:\Program Files\Intel\iCLS Client\;C:\WINDOWS\system32;C:\WINDOWS;C:\WINDOWS\System32\Wbem;C:\WINDOWS\System32\WindowsPowerShell\v1.0\;C:\Program Files\Intel\Intel(R) Management Engine Components\DAL;C:\Program Files\Intel\Intel(R) Management Engine Components\IPT;C:\Program Files (x86)\Intel\Intel(R) Management Engine Components\DAL;C:\Program Files (x86)\Intel\Intel(R) Management Engine Components\IPT;c:\Program Files\WIDCOMM\Bluetooth Software\;c:\Program Files\WIDCOMM\Bluetooth Software\syswow64;C:\Program Files (x86)\Windows Live\Shared;C:\cygwin\bin;C:\Program Files (x86)\Windows Kits\8.0\Windows Performance Toolkit\;C:\MinGW\bin;C:\MinGW\mysys\1.0\bin;C:\Users\vini\AppData\Local\Microsoft\WindowsApps;
USERNAME=vini
OS=Windows_NT
PROCESSOR_IDENTIFIER=Intel64 Family 6 Model 58 Stepping 9, GenuineIntel



---------------  S Y S T E M  ---------------

OS: Windows 10.0 , 64 bit Build 14393 (10.0.14393.0)

CPU:total 4 (2 cores per cpu, 2 threads per core) family 6 model 58 stepping 9, cmov, cx8, fxsr, mmx, sse, sse2, sse3, ssse3, sse4.1, sse4.2, popcnt, avx, aes, clmul, erms, ht, tsc, tscinvbit, tscinv

Memory: 4k page, physical 4056156k(606092k free), swap 5480540k(5388k free)

vm_info: OpenJDK 64-Bit Server VM (25.76-b03) for windows-amd64 JRE (1.8.0_76-release-b03), built on Jun 29 2016 19:09:20 by "ralucas" with MS VC++ 10.0 (VS2010)

time: Thu Mar 16 12:38:49 2017
elapsed time: 47 seconds (0d 0h 0m 47s)

